2021/06/11 07:19:47 START processing
2021/06/11 07:20:39 START processing
2021/06/11 07:21:24 START processing
2021/06/11 07:21:24 [table_name]
2021/06/11 07:21:24 [id name description database]
2021/06/11 07:21:24 []
2021/06/11 07:21:24 [id code]
2021/06/11 07:21:24 Saving into CSV wit the query : <select * from archive.dbo.names      where project = 123 and (periode = 1 or periode = 2)>
2021/06/11 07:21:24 Saving into CSV wit the query : <select * from archive.dbo.names      where project = 123 and (periode = 2 or periode = 3)>
2021/06/11 07:21:24 Saving into CSV wit the query : <select * from archive.dbo.names      where project = 123 and (periode = 3 or periode = 4)>
2021/06/11 07:21:24 Saving into CSV wit the query : <select * from archive.dbo.names      where project = 123 and (periode = 4 or periode = 5)>
2021/06/11 07:21:24 [id name cdate ctime salary pour fntext fnum fbit fmoney ftext freal fguid fxml project periode]
2021/06/11 07:21:24 []
2021/06/11 07:21:24 QuerySaveCSV success
2021/06/11 07:21:24 [id name cdate ctime salary pour fntext fnum fbit fmoney ftext freal fguid fxml project periode]
2021/06/11 07:21:24 [id name cdate ctime salary pour fntext fnum fbit fmoney ftext freal fguid fxml project periode]
2021/06/11 07:21:24 [id name cdate ctime salary pour fntext fnum fbit fmoney ftext freal fguid fxml project periode]
2021/06/11 07:21:24 QuerySaveCSV success
2021/06/11 07:21:24 QuerySaveCSV success
2021/06/11 07:21:24 QuerySaveCSV success
2021/06/11 07:21:24 [id code]
2021/06/11 07:21:24 Saving into CSV wit the query : <select * from archive.dbo.names      where project = 124 and (periode = 7 or periode = 8)>
2021/06/11 07:21:24 Saving into CSV wit the query : <select * from archive.dbo.names      where project = 124 and (periode = 8 or periode = 9)>
2021/06/11 07:21:24 [id name cdate ctime salary pour fntext fnum fbit fmoney ftext freal fguid fxml project periode]
2021/06/11 07:21:24 [id name cdate ctime salary pour fntext fnum fbit fmoney ftext freal fguid fxml project periode]
2021/06/11 07:21:24 []
2021/06/11 07:21:24 QuerySaveCSV success
2021/06/11 07:21:24 QuerySaveCSV success
2021/06/11 07:21:24 [id code]
2021/06/11 07:21:24 Saving into CSV wit the query : <select * from archive.dbo.names2     where project = 123 and (periode = 1 or periode = 2)>
2021/06/11 07:21:24 Saving into CSV wit the query : <select * from archive.dbo.names2     where project = 123 and (periode = 2 or periode = 3)>
2021/06/11 07:21:24 Saving into CSV wit the query : <select * from archive.dbo.names2     where project = 123 and (periode = 4 or periode = 5)>
2021/06/11 07:21:24 Saving into CSV wit the query : <select * from archive.dbo.names2     where project = 123 and (periode = 3 or periode = 4)>
2021/06/11 07:21:24 []
2021/06/11 07:21:24 [id name cdate ctime salary pour fntext fnum fbit fmoney ftext freal fguid fxml project periode]
2021/06/11 07:21:24 QuerySaveCSV success
2021/06/11 07:21:24 [id name cdate ctime salary pour fntext fnum fbit fmoney ftext freal fguid fxml project periode]
2021/06/11 07:21:24 [id name cdate ctime salary pour fntext fnum fbit fmoney ftext freal fguid fxml project periode]
2021/06/11 07:21:24 QuerySaveCSV success
2021/06/11 07:21:24 [id name cdate ctime salary pour fntext fnum fbit fmoney ftext freal fguid fxml project periode]
2021/06/11 07:21:24 QuerySaveCSV success
2021/06/11 07:21:24 QuerySaveCSV success
2021/06/11 07:21:24 [id code]
2021/06/11 07:21:24 END processing
2021/06/11 07:22:28 START processing
2021/06/11 07:23:34 START processing
2021/06/11 07:23:49 [table_name]
2021/06/11 07:23:49 [id name description database]
2021/06/11 07:24:17 []
2021/06/11 07:24:27 [id code]
2021/06/11 07:24:35 Saving into CSV wit the query : <select * from archive.dbo.names      where project = 123 and (periode = 4 or periode = 5)>
2021/06/11 07:24:35 Saving into CSV wit the query : <select * from archive.dbo.names      where project = 123 and (periode = 2 or periode = 3)>
2021/06/11 07:24:35 Saving into CSV wit the query : <select * from archive.dbo.names      where project = 123 and (periode = 3 or periode = 4)>
2021/06/11 07:24:35 Saving into CSV wit the query : <select * from archive.dbo.names      where project = 123 and (periode = 1 or periode = 2)>
2021/06/11 07:24:35 []
2021/06/11 07:24:41 [id name cdate ctime salary pour fntext fnum fbit fmoney ftext freal fguid fxml project periode]
2021/06/11 07:24:41 [id name cdate ctime salary pour fntext fnum fbit fmoney ftext freal fguid fxml project periode]
2021/06/11 07:24:41 QuerySaveCSV success
2021/06/11 07:24:41 QuerySaveCSV success
2021/06/11 07:24:41 [id name cdate ctime salary pour fntext fnum fbit fmoney ftext freal fguid fxml project periode]
2021/06/11 07:24:41 QuerySaveCSV success
2021/06/11 07:24:41 [id name cdate ctime salary pour fntext fnum fbit fmoney ftext freal fguid fxml project periode]
2021/06/11 07:24:41 QuerySaveCSV success
2021/06/11 07:24:41 [id code]
2021/06/11 07:24:46 Saving into CSV wit the query : <select * from archive.dbo.names      where project = 124 and (periode = 8 or periode = 9)>
2021/06/11 07:24:46 Saving into CSV wit the query : <select * from archive.dbo.names      where project = 124 and (periode = 7 or periode = 8)>
2021/06/11 07:24:46 [id name cdate ctime salary pour fntext fnum fbit fmoney ftext freal fguid fxml project periode]
2021/06/11 07:24:46 QuerySaveCSV success
2021/06/11 07:24:46 []
2021/06/11 07:24:46 [id name cdate ctime salary pour fntext fnum fbit fmoney ftext freal fguid fxml project periode]
2021/06/11 07:24:46 QuerySaveCSV success
2021/06/11 07:24:46 [id code]
2021/06/11 07:24:46 Saving into CSV wit the query : <select * from archive.dbo.names2     where project = 123 and (periode = 1 or periode = 2)>
2021/06/11 07:24:46 Saving into CSV wit the query : <select * from archive.dbo.names2     where project = 123 and (periode = 4 or periode = 5)>
2021/06/11 07:24:46 Saving into CSV wit the query : <select * from archive.dbo.names2     where project = 123 and (periode = 3 or periode = 4)>
2021/06/11 07:24:46 Saving into CSV wit the query : <select * from archive.dbo.names2     where project = 123 and (periode = 2 or periode = 3)>
2021/06/11 07:24:46 [id name cdate ctime salary pour fntext fnum fbit fmoney ftext freal fguid fxml project periode]
2021/06/11 07:24:46 QuerySaveCSV success
2021/06/11 07:24:46 [id name cdate ctime salary pour fntext fnum fbit fmoney ftext freal fguid fxml project periode]
2021/06/11 07:24:46 [id name cdate ctime salary pour fntext fnum fbit fmoney ftext freal fguid fxml project periode]
2021/06/11 07:24:46 [id name cdate ctime salary pour fntext fnum fbit fmoney ftext freal fguid fxml project periode]
2021/06/11 07:24:46 []
2021/06/11 07:24:46 QuerySaveCSV success
2021/06/11 07:24:46 QuerySaveCSV success
2021/06/11 07:24:46 QuerySaveCSV success
2021/06/11 07:24:46 [id code]
2021/06/11 07:24:46 END processing
2021/06/11 07:25:35 START processing
2021/06/11 07:25:35 [table_name]
2021/06/11 07:25:35 [id name description database]
2021/06/11 07:25:35 []
2021/06/11 07:25:35 [id code]
2021/06/11 07:25:35 Saving into CSV wit the query : <select * from archive.dbo.names      where project = 123 and (periode = 1 or periode = 2)>
2021/06/11 07:25:35 Saving into CSV wit the query : <select * from archive.dbo.names      where project = 123 and (periode = 2 or periode = 3)>
2021/06/11 07:25:35 Saving into CSV wit the query : <select * from archive.dbo.names      where project = 123 and (periode = 3 or periode = 4)>
2021/06/11 07:25:35 Saving into CSV wit the query : <select * from archive.dbo.names      where project = 123 and (periode = 4 or periode = 5)>
2021/06/11 07:25:35 []
2021/06/11 07:25:35 [id name cdate ctime salary pour fntext fnum fbit fmoney ftext freal fguid fxml project periode]
2021/06/11 07:25:35 [id name cdate ctime salary pour fntext fnum fbit fmoney ftext freal fguid fxml project periode]
2021/06/11 07:25:35 [id name cdate ctime salary pour fntext fnum fbit fmoney ftext freal fguid fxml project periode]
2021/06/11 07:25:35 QuerySaveCSV success
2021/06/11 07:25:35 [id name cdate ctime salary pour fntext fnum fbit fmoney ftext freal fguid fxml project periode]
2021/06/11 07:25:35 QuerySaveCSV success
2021/06/11 07:25:35 QuerySaveCSV success
2021/06/11 07:25:35 QuerySaveCSV success
2021/06/11 07:25:35 [id code]
2021/06/11 07:25:35 Saving into CSV wit the query : <select * from archive.dbo.names      where project = 124 and (periode = 7 or periode = 8)>
2021/06/11 07:25:35 Saving into CSV wit the query : <select * from archive.dbo.names      where project = 124 and (periode = 8 or periode = 9)>
2021/06/11 07:25:35 []
2021/06/11 07:25:35 [id name cdate ctime salary pour fntext fnum fbit fmoney ftext freal fguid fxml project periode]
2021/06/11 07:25:35 [id name cdate ctime salary pour fntext fnum fbit fmoney ftext freal fguid fxml project periode]
2021/06/11 07:25:35 QuerySaveCSV success
2021/06/11 07:25:35 QuerySaveCSV success
2021/06/11 07:25:35 [id code]
2021/06/11 07:25:35 Saving into CSV wit the query : <select * from archive.dbo.names2     where project = 123 and (periode = 1 or periode = 2)>
2021/06/11 07:25:35 Saving into CSV wit the query : <select * from archive.dbo.names2     where project = 123 and (periode = 2 or periode = 3)>
2021/06/11 07:25:35 Saving into CSV wit the query : <select * from archive.dbo.names2     where project = 123 and (periode = 4 or periode = 5)>
2021/06/11 07:25:35 Saving into CSV wit the query : <select * from archive.dbo.names2     where project = 123 and (periode = 3 or periode = 4)>
2021/06/11 07:25:35 [id name cdate ctime salary pour fntext fnum fbit fmoney ftext freal fguid fxml project periode]
2021/06/11 07:25:35 QuerySaveCSV success
2021/06/11 07:25:35 [id name cdate ctime salary pour fntext fnum fbit fmoney ftext freal fguid fxml project periode]
2021/06/11 07:25:35 []
2021/06/11 07:25:35 QuerySaveCSV success
2021/06/11 07:25:35 [id name cdate ctime salary pour fntext fnum fbit fmoney ftext freal fguid fxml project periode]
2021/06/11 07:25:35 [id name cdate ctime salary pour fntext fnum fbit fmoney ftext freal fguid fxml project periode]
2021/06/11 07:25:35 QuerySaveCSV success
2021/06/11 07:25:35 QuerySaveCSV success
2021/06/11 07:25:35 [id code]
2021/06/11 07:25:35 END processing
2021/06/11 07:29:01 START processing
2021/06/11 07:29:01 [table_name]
2021/06/11 07:29:01 [id name description database]
2021/06/11 07:29:01 []
2021/06/11 07:29:01 [id code]
2021/06/11 07:29:01 Saving into CSV wit the query : <select * from archive.dbo.names      where project = 123 and (periode = 3 or periode = 4)>
2021/06/11 07:29:01 Saving into CSV wit the query : <select * from archive.dbo.names      where project = 123 and (periode = 1 or periode = 2)>
2021/06/11 07:29:01 Saving into CSV wit the query : <select * from archive.dbo.names      where project = 123 and (periode = 4 or periode = 5)>
2021/06/11 07:29:01 Saving into CSV wit the query : <select * from archive.dbo.names      where project = 123 and (periode = 2 or periode = 3)>
2021/06/11 07:29:01 []
2021/06/11 07:29:01 [id name cdate ctime salary pour fntext fnum fbit fmoney ftext freal fguid fxml project periode]
2021/06/11 07:29:01 [id name cdate ctime salary pour fntext fnum fbit fmoney ftext freal fguid fxml project periode]
2021/06/11 07:29:01 [id name cdate ctime salary pour fntext fnum fbit fmoney ftext freal fguid fxml project periode]
2021/06/11 07:29:01 QuerySaveCSV success
2021/06/11 07:29:01 QuerySaveCSV success
2021/06/11 07:29:01 QuerySaveCSV success
2021/06/11 07:29:01 [id name cdate ctime salary pour fntext fnum fbit fmoney ftext freal fguid fxml project periode]
2021/06/11 07:29:01 QuerySaveCSV success
2021/06/11 07:29:01 [id code]
2021/06/11 07:29:01 Saving into CSV wit the query : <select * from archive.dbo.names      where project = 124 and (periode = 7 or periode = 8)>
2021/06/11 07:29:01 Saving into CSV wit the query : <select * from archive.dbo.names      where project = 124 and (periode = 8 or periode = 9)>
2021/06/11 07:29:01 []
2021/06/11 07:29:01 [id name cdate ctime salary pour fntext fnum fbit fmoney ftext freal fguid fxml project periode]
2021/06/11 07:29:01 [id name cdate ctime salary pour fntext fnum fbit fmoney ftext freal fguid fxml project periode]
2021/06/11 07:29:01 QuerySaveCSV success
2021/06/11 07:29:01 QuerySaveCSV success
2021/06/11 07:29:01 [id code]
2021/06/11 07:29:01 Saving into CSV wit the query : <select * from archive.dbo.names2     where project = 123 and (periode = 2 or periode = 3)>
2021/06/11 07:29:01 Saving into CSV wit the query : <select * from archive.dbo.names2     where project = 123 and (periode = 1 or periode = 2)>
2021/06/11 07:29:01 Saving into CSV wit the query : <select * from archive.dbo.names2     where project = 123 and (periode = 4 or periode = 5)>
2021/06/11 07:29:01 Saving into CSV wit the query : <select * from archive.dbo.names2     where project = 123 and (periode = 3 or periode = 4)>
2021/06/11 07:29:01 []
2021/06/11 07:29:01 [id name cdate ctime salary pour fntext fnum fbit fmoney ftext freal fguid fxml project periode]
2021/06/11 07:29:01 QuerySaveCSV success
2021/06/11 07:29:01 [id name cdate ctime salary pour fntext fnum fbit fmoney ftext freal fguid fxml project periode]
2021/06/11 07:29:01 [id name cdate ctime salary pour fntext fnum fbit fmoney ftext freal fguid fxml project periode]
2021/06/11 07:29:01 QuerySaveCSV success
2021/06/11 07:29:01 [id name cdate ctime salary pour fntext fnum fbit fmoney ftext freal fguid fxml project periode]
2021/06/11 07:29:01 QuerySaveCSV success
2021/06/11 07:29:01 QuerySaveCSV success
2021/06/11 07:29:01 [id code]
2021/06/11 07:29:01 END processing
2021/06/11 07:36:40 START processing
2021/06/11 07:36:40 [table_name]
2021/06/11 07:36:40 [id name description database]
2021/06/11 07:36:40 []
2021/06/11 07:36:40 [id code]
2021/06/11 07:36:40 Saving into CSV wit the query : <select * from archive.dbo.names      where project = 123 and (periode = 2 or periode = 3)>
2021/06/11 07:36:40 Saving into CSV wit the query : <select * from archive.dbo.names      where project = 123 and (periode = 3 or periode = 4)>
2021/06/11 07:36:40 Saving into CSV wit the query : <select * from archive.dbo.names      where project = 123 and (periode = 1 or periode = 2)>
2021/06/11 07:36:40 Saving into CSV wit the query : <select * from archive.dbo.names      where project = 123 and (periode = 4 or periode = 5)>
2021/06/11 07:36:40 []
2021/06/11 07:36:40 [id name cdate ctime salary pour fntext fnum fbit fmoney ftext freal fguid fxml project periode]
2021/06/11 07:36:40 QuerySaveCSV success
2021/06/11 07:36:40 [id name cdate ctime salary pour fntext fnum fbit fmoney ftext freal fguid fxml project periode]
2021/06/11 07:36:40 QuerySaveCSV success
2021/06/11 07:36:40 [id name cdate ctime salary pour fntext fnum fbit fmoney ftext freal fguid fxml project periode]
2021/06/11 07:36:40 [id name cdate ctime salary pour fntext fnum fbit fmoney ftext freal fguid fxml project periode]
2021/06/11 07:36:40 QuerySaveCSV success
2021/06/11 07:36:40 failed to open file open p1_p2_p123_pnames_goarchive.csv: The process cannot access the file because it is being used by another process.
2021/06/11 07:37:00 START processing
2021/06/11 07:37:00 [table_name]
2021/06/11 07:37:00 [id name description database]
2021/06/11 07:37:00 []
2021/06/11 07:37:00 [id code]
2021/06/11 07:37:00 Saving into CSV wit the query : <select * from archive.dbo.names      where project = 123 and (periode = 1 or periode = 2)>
2021/06/11 07:37:00 Saving into CSV wit the query : <select * from archive.dbo.names      where project = 123 and (periode = 3 or periode = 4)>
2021/06/11 07:37:00 Saving into CSV wit the query : <select * from archive.dbo.names      where project = 123 and (periode = 4 or periode = 5)>
2021/06/11 07:37:00 Saving into CSV wit the query : <select * from archive.dbo.names      where project = 123 and (periode = 2 or periode = 3)>
2021/06/11 07:37:00 [id name cdate ctime salary pour fntext fnum fbit fmoney ftext freal fguid fxml project periode]
2021/06/11 07:37:00 [id name cdate ctime salary pour fntext fnum fbit fmoney ftext freal fguid fxml project periode]
2021/06/11 07:37:00 [id name cdate ctime salary pour fntext fnum fbit fmoney ftext freal fguid fxml project periode]
2021/06/11 07:37:00 QuerySaveCSV success
2021/06/11 07:37:00 []
2021/06/11 07:37:00 QuerySaveCSV success
2021/06/11 07:37:00 [id name cdate ctime salary pour fntext fnum fbit fmoney ftext freal fguid fxml project periode]
2021/06/11 07:37:00 QuerySaveCSV success
2021/06/11 07:37:00 QuerySaveCSV success
2021/06/11 07:37:00 [id code]
2021/06/11 07:37:00 Saving into CSV wit the query : <select * from archive.dbo.names      where project = 124 and (periode = 7 or periode = 8)>
2021/06/11 07:37:00 Saving into CSV wit the query : <select * from archive.dbo.names      where project = 124 and (periode = 8 or periode = 9)>
2021/06/11 07:37:00 [id name cdate ctime salary pour fntext fnum fbit fmoney ftext freal fguid fxml project periode]
2021/06/11 07:37:00 [id name cdate ctime salary pour fntext fnum fbit fmoney ftext freal fguid fxml project periode]
2021/06/11 07:37:00 QuerySaveCSV success
2021/06/11 07:37:00 QuerySaveCSV success
2021/06/11 07:37:00 []
2021/06/11 07:37:00 [id code]
2021/06/11 07:37:00 Saving into CSV wit the query : <select * from archive.dbo.names2     where project = 123 and (periode = 1 or periode = 2)>
2021/06/11 07:37:00 Saving into CSV wit the query : <select * from archive.dbo.names2     where project = 123 and (periode = 2 or periode = 3)>
2021/06/11 07:37:00 Saving into CSV wit the query : <select * from archive.dbo.names2     where project = 123 and (periode = 4 or periode = 5)>
2021/06/11 07:37:00 Saving into CSV wit the query : <select * from archive.dbo.names2     where project = 123 and (periode = 3 or periode = 4)>
2021/06/11 07:37:00 [id name cdate ctime salary pour fntext fnum fbit fmoney ftext freal fguid fxml project periode]
2021/06/11 07:37:00 QuerySaveCSV success
2021/06/11 07:37:00 [id name cdate ctime salary pour fntext fnum fbit fmoney ftext freal fguid fxml project periode]
2021/06/11 07:37:00 QuerySaveCSV success
2021/06/11 07:37:00 [id name cdate ctime salary pour fntext fnum fbit fmoney ftext freal fguid fxml project periode]
2021/06/11 07:37:00 []
2021/06/11 07:37:00 [id name cdate ctime salary pour fntext fnum fbit fmoney ftext freal fguid fxml project periode]
2021/06/11 07:37:00 QuerySaveCSV success
2021/06/11 07:37:00 QuerySaveCSV success
2021/06/11 07:37:00 [id code]
2021/06/11 07:37:00 END processing
2021/06/11 07:39:02 START processing
2021/06/11 07:39:02 [table_name]
2021/06/11 07:39:02 [id name description database]
2021/06/11 07:39:02 []
2021/06/11 07:39:02 [id code]
2021/06/11 07:39:02 Saving into CSV wit the query : <select * from archive.dbo.names      where project = 123 and (periode = 1 or periode = 2)>
2021/06/11 07:39:02 Saving into CSV wit the query : <select * from archive.dbo.names      where project = 123 and (periode = 2 or periode = 3)>
2021/06/11 07:39:02 Saving into CSV wit the query : <select * from archive.dbo.names      where project = 123 and (periode = 3 or periode = 4)>
2021/06/11 07:39:02 Saving into CSV wit the query : <select * from archive.dbo.names      where project = 123 and (periode = 4 or periode = 5)>
2021/06/11 07:39:02 []
2021/06/11 07:39:02 [id name cdate ctime salary pour fntext fnum fbit fmoney ftext freal fguid fxml project periode]
2021/06/11 07:39:02 failed to open file open p1_p2_p123_pnames_goarchive.csv: The process cannot access the file because it is being used by another process.
2021/06/11 07:39:21 START processing
2021/06/11 07:39:21 [table_name]
2021/06/11 07:39:21 [id name description database]
2021/06/11 07:39:21 []
2021/06/11 07:39:21 [id code]
2021/06/11 07:39:21 Saving into CSV wit the query : <select * from archive.dbo.names      where project = 123 and (periode = 1 or periode = 2)>
2021/06/11 07:39:21 Saving into CSV wit the query : <select * from archive.dbo.names      where project = 123 and (periode = 3 or periode = 4)>
2021/06/11 07:39:21 Saving into CSV wit the query : <select * from archive.dbo.names      where project = 123 and (periode = 4 or periode = 5)>
2021/06/11 07:39:21 Saving into CSV wit the query : <select * from archive.dbo.names      where project = 123 and (periode = 2 or periode = 3)>
2021/06/11 07:39:21 []
2021/06/11 07:39:21 [id name cdate ctime salary pour fntext fnum fbit fmoney ftext freal fguid fxml project periode]
2021/06/11 07:39:21 [id name cdate ctime salary pour fntext fnum fbit fmoney ftext freal fguid fxml project periode]
2021/06/11 07:39:21 [id name cdate ctime salary pour fntext fnum fbit fmoney ftext freal fguid fxml project periode]
2021/06/11 07:39:21 QuerySaveCSV success
2021/06/11 07:39:21 QuerySaveCSV success
2021/06/11 07:39:21 [id name cdate ctime salary pour fntext fnum fbit fmoney ftext freal fguid fxml project periode]
2021/06/11 07:39:21 QuerySaveCSV success
2021/06/11 07:39:21 QuerySaveCSV success
2021/06/11 07:39:21 [id code]
2021/06/11 07:39:21 Saving into CSV wit the query : <select * from archive.dbo.names      where project = 124 and (periode = 7 or periode = 8)>
2021/06/11 07:39:21 Saving into CSV wit the query : <select * from archive.dbo.names      where project = 124 and (periode = 8 or periode = 9)>
2021/06/11 07:39:21 []
2021/06/11 07:39:21 [id name cdate ctime salary pour fntext fnum fbit fmoney ftext freal fguid fxml project periode]
2021/06/11 07:39:21 [id name cdate ctime salary pour fntext fnum fbit fmoney ftext freal fguid fxml project periode]
2021/06/11 07:39:21 QuerySaveCSV success
2021/06/11 07:39:21 QuerySaveCSV success
2021/06/11 07:39:21 [id code]
2021/06/11 07:39:21 Saving into CSV wit the query : <select * from archive.dbo.names2     where project = 123 and (periode = 2 or periode = 3)>
2021/06/11 07:39:21 Saving into CSV wit the query : <select * from archive.dbo.names2     where project = 123 and (periode = 3 or periode = 4)>
2021/06/11 07:39:21 Saving into CSV wit the query : <select * from archive.dbo.names2     where project = 123 and (periode = 1 or periode = 2)>
2021/06/11 07:39:21 Saving into CSV wit the query : <select * from archive.dbo.names2     where project = 123 and (periode = 4 or periode = 5)>
2021/06/11 07:39:21 [id name cdate ctime salary pour fntext fnum fbit fmoney ftext freal fguid fxml project periode]
2021/06/11 07:39:21 [id name cdate ctime salary pour fntext fnum fbit fmoney ftext freal fguid fxml project periode]
2021/06/11 07:39:21 []
2021/06/11 07:39:21 QuerySaveCSV success
2021/06/11 07:39:21 QuerySaveCSV success
2021/06/11 07:39:21 [id name cdate ctime salary pour fntext fnum fbit fmoney ftext freal fguid fxml project periode]
2021/06/11 07:39:21 QuerySaveCSV success
2021/06/11 07:39:21 [id name cdate ctime salary pour fntext fnum fbit fmoney ftext freal fguid fxml project periode]
2021/06/11 07:39:21 QuerySaveCSV success
2021/06/11 07:39:21 [id code]
2021/06/11 07:39:21 END processing
2021/06/11 07:41:31 START processing
2021/06/11 07:41:31 [table_name]
2021/06/11 07:41:31 [id name description database]
2021/06/11 07:41:31 []
2021/06/11 07:41:31 [id code]
2021/06/11 07:41:31 Saving into CSV wit the query : <select * from archive.dbo.names      where project = 123 and (periode = 1 or periode = 2)>
2021/06/11 07:41:31 Saving into CSV wit the query : <select * from archive.dbo.names      where project = 123 and (periode = 2 or periode = 3)>
2021/06/11 07:41:31 Saving into CSV wit the query : <select * from archive.dbo.names      where project = 123 and (periode = 4 or periode = 5)>
2021/06/11 07:41:31 Saving into CSV wit the query : <select * from archive.dbo.names      where project = 123 and (periode = 3 or periode = 4)>
2021/06/11 07:41:31 []
2021/06/11 07:41:31 [id name cdate ctime salary pour fntext fnum fbit fmoney ftext freal fguid fxml project periode]
2021/06/11 07:41:31 [id name cdate ctime salary pour fntext fnum fbit fmoney ftext freal fguid fxml project periode]
2021/06/11 07:41:31 [id name cdate ctime salary pour fntext fnum fbit fmoney ftext freal fguid fxml project periode]
2021/06/11 07:41:31 [id name cdate ctime salary pour fntext fnum fbit fmoney ftext freal fguid fxml project periode]
2021/06/11 07:41:31 QuerySaveCSV success
2021/06/11 07:41:31 QuerySaveCSV success
2021/06/11 07:41:31 QuerySaveCSV success
2021/06/11 07:41:31 QuerySaveCSV success
2021/06/11 07:41:31 [id code]
2021/06/11 07:41:31 Saving into CSV wit the query : <select * from archive.dbo.names      where project = 124 and (periode = 7 or periode = 8)>
2021/06/11 07:41:31 Saving into CSV wit the query : <select * from archive.dbo.names      where project = 124 and (periode = 8 or periode = 9)>
2021/06/11 07:41:31 []
2021/06/11 07:41:31 [id name cdate ctime salary pour fntext fnum fbit fmoney ftext freal fguid fxml project periode]
2021/06/11 07:41:31 [id name cdate ctime salary pour fntext fnum fbit fmoney ftext freal fguid fxml project periode]
2021/06/11 07:41:31 QuerySaveCSV success
2021/06/11 07:41:31 QuerySaveCSV success
2021/06/11 07:41:31 [id code]
2021/06/11 07:41:31 Saving into CSV wit the query : <select * from archive.dbo.names2     where project = 123 and (periode = 2 or periode = 3)>
2021/06/11 07:41:31 Saving into CSV wit the query : <select * from archive.dbo.names2     where project = 123 and (periode = 3 or periode = 4)>
2021/06/11 07:41:31 Saving into CSV wit the query : <select * from archive.dbo.names2     where project = 123 and (periode = 1 or periode = 2)>
2021/06/11 07:41:31 Saving into CSV wit the query : <select * from archive.dbo.names2     where project = 123 and (periode = 4 or periode = 5)>
2021/06/11 07:41:31 [id name cdate ctime salary pour fntext fnum fbit fmoney ftext freal fguid fxml project periode]
2021/06/11 07:41:31 QuerySaveCSV success
2021/06/11 07:41:31 [id name cdate ctime salary pour fntext fnum fbit fmoney ftext freal fguid fxml project periode]
2021/06/11 07:41:31 QuerySaveCSV success
2021/06/11 07:41:31 [id name cdate ctime salary pour fntext fnum fbit fmoney ftext freal fguid fxml project periode]
2021/06/11 07:41:31 [id name cdate ctime salary pour fntext fnum fbit fmoney ftext freal fguid fxml project periode]
2021/06/11 07:41:31 []
2021/06/11 07:41:31 QuerySaveCSV success
2021/06/11 07:41:31 QuerySaveCSV success
2021/06/11 07:41:31 [id code]
2021/06/11 07:41:31 END processing
2021/06/11 07:42:39 START processing
2021/06/11 07:42:39 [table_name]
2021/06/11 07:42:39 [id name description database]
2021/06/11 07:42:39 []
2021/06/11 07:42:39 [id code]
2021/06/11 07:42:39 Saving into CSV wit the query : <select * from archive.dbo.names      where project = 123 and (periode = 1 or periode = 2)>
2021/06/11 07:42:39 Saving into CSV wit the query : <select * from archive.dbo.names      where project = 123 and (periode = 2 or periode = 3)>
2021/06/11 07:42:39 Saving into CSV wit the query : <select * from archive.dbo.names      where project = 123 and (periode = 4 or periode = 5)>
2021/06/11 07:42:39 Saving into CSV wit the query : <select * from archive.dbo.names      where project = 123 and (periode = 3 or periode = 4)>
2021/06/11 07:42:39 [id name cdate ctime salary pour fntext fnum fbit fmoney ftext freal fguid fxml project periode]
2021/06/11 07:42:39 [id name cdate ctime salary pour fntext fnum fbit fmoney ftext freal fguid fxml project periode]
2021/06/11 07:42:39 []
2021/06/11 07:42:39 [id name cdate ctime salary pour fntext fnum fbit fmoney ftext freal fguid fxml project periode]
2021/06/11 07:42:39 [id name cdate ctime salary pour fntext fnum fbit fmoney ftext freal fguid fxml project periode]
2021/06/11 07:42:39 failed to open file open p1_p2_p123_pnames_goarchive.csv: The process cannot access the file because it is being used by another process.
2021/06/11 07:42:47 START processing
2021/06/11 07:42:47 [table_name]
2021/06/11 07:42:47 [id name description database]
2021/06/11 07:42:47 []
2021/06/11 07:42:47 [id code]
2021/06/11 07:42:47 Saving into CSV wit the query : <select * from archive.dbo.names      where project = 123 and (periode = 1 or periode = 2)>
2021/06/11 07:42:47 Saving into CSV wit the query : <select * from archive.dbo.names      where project = 123 and (periode = 3 or periode = 4)>
2021/06/11 07:42:47 Saving into CSV wit the query : <select * from archive.dbo.names      where project = 123 and (periode = 4 or periode = 5)>
2021/06/11 07:42:47 Saving into CSV wit the query : <select * from archive.dbo.names      where project = 123 and (periode = 2 or periode = 3)>
2021/06/11 07:42:47 [id name cdate ctime salary pour fntext fnum fbit fmoney ftext freal fguid fxml project periode]
2021/06/11 07:42:47 QuerySaveCSV success
2021/06/11 07:42:47 [id name cdate ctime salary pour fntext fnum fbit fmoney ftext freal fguid fxml project periode]
2021/06/11 07:42:47 [id name cdate ctime salary pour fntext fnum fbit fmoney ftext freal fguid fxml project periode]
2021/06/11 07:42:47 QuerySaveCSV success
2021/06/11 07:42:47 [id name cdate ctime salary pour fntext fnum fbit fmoney ftext freal fguid fxml project periode]
2021/06/11 07:42:47 QuerySaveCSV success
2021/06/11 07:42:47 QuerySaveCSV success
2021/06/11 07:42:47 []
2021/06/11 07:42:47 [id code]
2021/06/11 07:42:47 Saving into CSV wit the query : <select * from archive.dbo.names      where project = 124 and (periode = 7 or periode = 8)>
2021/06/11 07:42:47 Saving into CSV wit the query : <select * from archive.dbo.names      where project = 124 and (periode = 8 or periode = 9)>
2021/06/11 07:42:47 [id name cdate ctime salary pour fntext fnum fbit fmoney ftext freal fguid fxml project periode]
2021/06/11 07:42:47 QuerySaveCSV success
2021/06/11 07:42:47 [id name cdate ctime salary pour fntext fnum fbit fmoney ftext freal fguid fxml project periode]
2021/06/11 07:42:47 QuerySaveCSV success
2021/06/11 07:42:47 []
2021/06/11 07:42:47 [id code]
2021/06/11 07:42:47 Saving into CSV wit the query : <select * from archive.dbo.names2     where project = 123 and (periode = 1 or periode = 2)>
2021/06/11 07:42:47 Saving into CSV wit the query : <select * from archive.dbo.names2     where project = 123 and (periode = 2 or periode = 3)>
2021/06/11 07:42:47 Saving into CSV wit the query : <select * from archive.dbo.names2     where project = 123 and (periode = 4 or periode = 5)>
2021/06/11 07:42:47 Saving into CSV wit the query : <select * from archive.dbo.names2     where project = 123 and (periode = 3 or periode = 4)>
2021/06/11 07:42:47 []
2021/06/11 07:42:47 [id name cdate ctime salary pour fntext fnum fbit fmoney ftext freal fguid fxml project periode]
2021/06/11 07:42:47 [id name cdate ctime salary pour fntext fnum fbit fmoney ftext freal fguid fxml project periode]
2021/06/11 07:42:47 [id name cdate ctime salary pour fntext fnum fbit fmoney ftext freal fguid fxml project periode]
2021/06/11 07:42:47 [id name cdate ctime salary pour fntext fnum fbit fmoney ftext freal fguid fxml project periode]
2021/06/11 07:42:47 QuerySaveCSV success
2021/06/11 07:42:47 QuerySaveCSV success
2021/06/11 07:42:47 QuerySaveCSV success
2021/06/11 07:42:47 QuerySaveCSV success
2021/06/11 07:42:47 [id code]
2021/06/11 07:42:47 END processing
2021/06/11 07:44:43 START processing
2021/06/11 07:44:43 [table_name]
2021/06/11 07:44:43 [id name description database]
2021/06/11 07:44:43 []
2021/06/11 07:44:43 [id code]
2021/06/11 07:44:43 Saving into CSV wit the query : <select * from archive.dbo.names      where project = 123 and (periode = 1 or periode = 2)>
2021/06/11 07:44:43 Saving into CSV wit the query : <select * from archive.dbo.names      where project = 123 and (periode = 2 or periode = 3)>
2021/06/11 07:44:43 Saving into CSV wit the query : <select * from archive.dbo.names      where project = 123 and (periode = 4 or periode = 5)>
2021/06/11 07:44:43 Saving into CSV wit the query : <select * from archive.dbo.names      where project = 123 and (periode = 3 or periode = 4)>
2021/06/11 07:44:43 []
2021/06/11 07:44:43 [id name cdate ctime salary pour fntext fnum fbit fmoney ftext freal fguid fxml project periode]
2021/06/11 07:44:43 [id name cdate ctime salary pour fntext fnum fbit fmoney ftext freal fguid fxml project periode]
2021/06/11 07:44:43 QuerySaveCSV success
2021/06/11 07:44:43 QuerySaveCSV success
2021/06/11 07:44:43 [id name cdate ctime salary pour fntext fnum fbit fmoney ftext freal fguid fxml project periode]
2021/06/11 07:44:43 [id name cdate ctime salary pour fntext fnum fbit fmoney ftext freal fguid fxml project periode]
2021/06/11 07:44:43 QuerySaveCSV success
2021/06/11 07:44:43 QuerySaveCSV success
2021/06/11 07:44:43 [id code]
2021/06/11 07:44:43 Saving into CSV wit the query : <select * from archive.dbo.names      where project = 124 and (periode = 7 or periode = 8)>
2021/06/11 07:44:43 Saving into CSV wit the query : <select * from archive.dbo.names      where project = 124 and (periode = 8 or periode = 9)>
2021/06/11 07:44:43 [id name cdate ctime salary pour fntext fnum fbit fmoney ftext freal fguid fxml project periode]
2021/06/11 07:44:43 [id name cdate ctime salary pour fntext fnum fbit fmoney ftext freal fguid fxml project periode]
2021/06/11 07:44:43 []
2021/06/11 07:44:43 QuerySaveCSV success
2021/06/11 07:44:43 QuerySaveCSV success
2021/06/11 07:44:43 [id code]
2021/06/11 07:44:43 Saving into CSV wit the query : <select * from archive.dbo.names2     where project = 123 and (periode = 1 or periode = 2)>
2021/06/11 07:44:43 Saving into CSV wit the query : <select * from archive.dbo.names2     where project = 123 and (periode = 2 or periode = 3)>
2021/06/11 07:44:43 Saving into CSV wit the query : <select * from archive.dbo.names2     where project = 123 and (periode = 4 or periode = 5)>
2021/06/11 07:44:43 Saving into CSV wit the query : <select * from archive.dbo.names2     where project = 123 and (periode = 3 or periode = 4)>
2021/06/11 07:44:43 [id name cdate ctime salary pour fntext fnum fbit fmoney ftext freal fguid fxml project periode]
2021/06/11 07:44:43 [id name cdate ctime salary pour fntext fnum fbit fmoney ftext freal fguid fxml project periode]
2021/06/11 07:44:43 []
2021/06/11 07:44:43 [id name cdate ctime salary pour fntext fnum fbit fmoney ftext freal fguid fxml project periode]
2021/06/11 07:44:43 QuerySaveCSV success
2021/06/11 07:44:43 QuerySaveCSV success
2021/06/11 07:44:43 [id name cdate ctime salary pour fntext fnum fbit fmoney ftext freal fguid fxml project periode]
2021/06/11 07:44:43 QuerySaveCSV success
2021/06/11 07:44:43 QuerySaveCSV success
2021/06/11 07:44:43 [id code]
2021/06/11 07:44:43 END processing
2021/06/11 07:46:20 START processing
2021/06/11 07:46:20 [table_name]
2021/06/11 07:46:20 [id name description database]
2021/06/11 07:46:20 []
2021/06/11 07:46:20 [id code]
2021/06/11 07:46:20 Saving into CSV wit the query : <select * from archive.dbo.names      where project = 123 and (periode = 2 or periode = 3)>
2021/06/11 07:46:20 Saving into CSV wit the query : <select * from archive.dbo.names      where project = 123 and (periode = 3 or periode = 4)>
2021/06/11 07:46:20 Saving into CSV wit the query : <select * from archive.dbo.names      where project = 123 and (periode = 1 or periode = 2)>
2021/06/11 07:46:20 Saving into CSV wit the query : <select * from archive.dbo.names      where project = 123 and (periode = 4 or periode = 5)>
2021/06/11 07:46:20 []
2021/06/11 07:46:20 [id name cdate ctime salary pour fntext fnum fbit fmoney ftext freal fguid fxml project periode]
2021/06/11 07:46:20 [id name cdate ctime salary pour fntext fnum fbit fmoney ftext freal fguid fxml project periode]
2021/06/11 07:46:20 QuerySaveCSV success
2021/06/11 07:46:20 QuerySaveCSV success
2021/06/11 07:46:20 [id name cdate ctime salary pour fntext fnum fbit fmoney ftext freal fguid fxml project periode]
2021/06/11 07:46:20 [id name cdate ctime salary pour fntext fnum fbit fmoney ftext freal fguid fxml project periode]
2021/06/11 07:46:20 QuerySaveCSV success
2021/06/11 07:46:20 QuerySaveCSV success
2021/06/11 07:46:20 [id code]
2021/06/11 07:46:20 Saving into CSV wit the query : <select * from archive.dbo.names      where project = 124 and (periode = 7 or periode = 8)>
2021/06/11 07:46:20 Saving into CSV wit the query : <select * from archive.dbo.names      where project = 124 and (periode = 8 or periode = 9)>
2021/06/11 07:46:20 [id name cdate ctime salary pour fntext fnum fbit fmoney ftext freal fguid fxml project periode]
2021/06/11 07:46:20 []
2021/06/11 07:46:20 QuerySaveCSV success
2021/06/11 07:46:20 [id name cdate ctime salary pour fntext fnum fbit fmoney ftext freal fguid fxml project periode]
2021/06/11 07:46:20 QuerySaveCSV success
2021/06/11 07:46:20 [id code]
2021/06/11 07:46:20 Saving into CSV wit the query : <select * from archive.dbo.names2     where project = 123 and (periode = 1 or periode = 2)>
2021/06/11 07:46:20 Saving into CSV wit the query : <select * from archive.dbo.names2     where project = 123 and (periode = 3 or periode = 4)>
2021/06/11 07:46:20 Saving into CSV wit the query : <select * from archive.dbo.names2     where project = 123 and (periode = 2 or periode = 3)>
2021/06/11 07:46:20 Saving into CSV wit the query : <select * from archive.dbo.names2     where project = 123 and (periode = 4 or periode = 5)>
2021/06/11 07:46:20 []
2021/06/11 07:46:20 [id name cdate ctime salary pour fntext fnum fbit fmoney ftext freal fguid fxml project periode]
2021/06/11 07:46:20 [id name cdate ctime salary pour fntext fnum fbit fmoney ftext freal fguid fxml project periode]
2021/06/11 07:46:20 [id name cdate ctime salary pour fntext fnum fbit fmoney ftext freal fguid fxml project periode]
2021/06/11 07:46:20 QuerySaveCSV success
2021/06/11 07:46:20 QuerySaveCSV success
2021/06/11 07:46:20 [id name cdate ctime salary pour fntext fnum fbit fmoney ftext freal fguid fxml project periode]
2021/06/11 07:46:20 QuerySaveCSV success
2021/06/11 07:46:20 QuerySaveCSV success
2021/06/11 07:46:20 [id code]
2021/06/11 07:46:20 END processing
2021/06/11 07:47:49 START processing
2021/06/11 07:47:49 [table_name]
2021/06/11 07:47:49 [id name description database]
2021/06/11 07:47:49 []
2021/06/11 07:47:49 [id code]
2021/06/11 07:47:49 Saving into CSV wit the query : <select * from archive.dbo.names      where project = 123 and (periode = 3 or periode = 4)>
2021/06/11 07:47:49 Saving into CSV wit the query : <select * from archive.dbo.names      where project = 123 and (periode = 2 or periode = 3)>
2021/06/11 07:47:49 Saving into CSV wit the query : <select * from archive.dbo.names      where project = 123 and (periode = 1 or periode = 2)>
2021/06/11 07:47:49 Saving into CSV wit the query : <select * from archive.dbo.names      where project = 123 and (periode = 4 or periode = 5)>
2021/06/11 07:47:49 [id name cdate ctime salary pour fntext fnum fbit fmoney ftext freal fguid fxml project periode]
2021/06/11 07:47:49 [id name cdate ctime salary pour fntext fnum fbit fmoney ftext freal fguid fxml project periode]
2021/06/11 07:47:49 QuerySaveCSV success
2021/06/11 07:47:49 []
2021/06/11 07:47:49 QuerySaveCSV success
2021/06/11 07:47:49 [id name cdate ctime salary pour fntext fnum fbit fmoney ftext freal fguid fxml project periode]
2021/06/11 07:47:49 [id name cdate ctime salary pour fntext fnum fbit fmoney ftext freal fguid fxml project periode]
2021/06/11 07:47:49 QuerySaveCSV success
2021/06/11 07:47:49 QuerySaveCSV success
2021/06/11 07:47:49 [id code]
2021/06/11 07:47:49 Saving into CSV wit the query : <select * from archive.dbo.names      where project = 124 and (periode = 7 or periode = 8)>
2021/06/11 07:47:49 Saving into CSV wit the query : <select * from archive.dbo.names      where project = 124 and (periode = 8 or periode = 9)>
2021/06/11 07:47:49 []
2021/06/11 07:47:49 [id name cdate ctime salary pour fntext fnum fbit fmoney ftext freal fguid fxml project periode]
2021/06/11 07:47:49 [id name cdate ctime salary pour fntext fnum fbit fmoney ftext freal fguid fxml project periode]
2021/06/11 07:47:49 QuerySaveCSV success
2021/06/11 07:47:49 QuerySaveCSV success
2021/06/11 07:47:49 [id code]
2021/06/11 07:47:49 Saving into CSV wit the query : <select * from archive.dbo.names2     where project = 123 and (periode = 1 or periode = 2)>
2021/06/11 07:47:49 Saving into CSV wit the query : <select * from archive.dbo.names2     where project = 123 and (periode = 3 or periode = 4)>
2021/06/11 07:47:49 Saving into CSV wit the query : <select * from archive.dbo.names2     where project = 123 and (periode = 2 or periode = 3)>
2021/06/11 07:47:49 Saving into CSV wit the query : <select * from archive.dbo.names2     where project = 123 and (periode = 4 or periode = 5)>
2021/06/11 07:47:49 [id name cdate ctime salary pour fntext fnum fbit fmoney ftext freal fguid fxml project periode]
2021/06/11 07:47:49 []
2021/06/11 07:47:49 QuerySaveCSV success
2021/06/11 07:47:49 [id name cdate ctime salary pour fntext fnum fbit fmoney ftext freal fguid fxml project periode]
2021/06/11 07:47:49 [id name cdate ctime salary pour fntext fnum fbit fmoney ftext freal fguid fxml project periode]
2021/06/11 07:47:49 [id name cdate ctime salary pour fntext fnum fbit fmoney ftext freal fguid fxml project periode]
2021/06/11 07:47:49 QuerySaveCSV success
2021/06/11 07:47:49 QuerySaveCSV success
2021/06/11 07:47:49 QuerySaveCSV success
2021/06/11 07:47:49 [id code]
2021/06/11 07:47:49 END processing
